<?xml version="1.0" encoding="UTF-8"?>
<!-- Generated by org.testng.reporters.JUnitXMLReporter -->
<testsuite hostname="MDTR04" ignored="0" name="Command line test" tests="1" failures="1" timestamp="12 Mar 2019 04:55:12 GMT" time="0.038" errors="0">
  <testcase name="NegativeCredentialCheck" time="0.0" classname="com.maveric.test.MavericConnectTest">
    <failure type="org.testng.TestNGException" message="
Method public void com.maveric.test.MavericConnectTest.NegativeCredentialCheck(java.lang.String,java.lang.String) throws java.io.IOException,java.lang.InterruptedException requires a @DataProvider named : testCaseForNegativeCredentials">
      <![CDATA[org.testng.TestNGException: 
Method public void com.maveric.test.MavericConnectTest.NegativeCredentialCheck(java.lang.String,java.lang.String) throws java.io.IOException,java.lang.InterruptedException requires a @DataProvider named : testCaseForNegativeCredentials
... Removed 31 stack frames]]>
    </failure>
  </testcase> <!-- NegativeCredentialCheck -->
</testsuite> <!-- Command line test -->
